[2024-11-26 00:47:39] [ARC-MAIN] INFO :  ARC-SERVER is starting.... 
[2024-11-26 00:47:39] [ARC-XML] INFO : Using provided registrar found at def location
[2024-11-26 00:47:39] [ARC-XML] INFO : No registrar found. Creating new registrar
[2024-11-26 00:47:39] [ARC-XML] INFO :  Merged object into existing data for file: ./ServerData/registeredFamilies.xml 
[2024-11-26 00:47:39] [ARC-XML] INFO : Object saved to XML at: ./ServerData/registeredFamilies.xml
[2024-11-26 00:47:39] [ARC-MERGE] INFO :  Merged PlayerRegistrar data successfully without duplicates. 
[2024-11-26 00:47:39] [ARC-XML] INFO :  Merged object into existing data for file: ./ServerData/registeredUsers.xml 
[2024-11-26 00:47:39] [ARC-XML] INFO : Object saved to XML at: ./ServerData/registeredUsers.xml
[2024-11-26 00:47:39] [ARC-MERGE] INFO :  Merged Avatar data successfully 
[2024-11-26 00:47:39] [ARC-XML] INFO :  Merged object into existing data for file: ./ServerData/Users/test1-sync.xml 
[2024-11-26 00:47:39] [ARC-XML] INFO : Object saved to XML at: ./ServerData/Users/test1-sync.xml
[2024-11-26 00:47:39] [ARC-XML] INFO : Using provided registrar found at def location
[2024-11-26 00:47:39] [ARC-XML] INFO : No registrar found. Creating new registrar
[2024-11-26 00:47:39] [ARC-SOCKET] INFO :  Server started on port:  55489   with ip:  0.0.0.0/0.0.0.0:55489  
[2024-11-26 00:47:39] [ARC-XML] INFO :  Merged object into existing data for file: ./ServerData/registeredFamilies.xml 
[2024-11-26 00:47:39] [ARC-XML] INFO : Object saved to XML at: ./ServerData/registeredFamilies.xml
[2024-11-26 00:47:40] [ARC-MERGE] INFO :  Merged PlayerRegistrar data successfully without duplicates. 
[2024-11-26 00:47:40] [ARC-XML] INFO :  Merged object into existing data for file: ./ServerData/registeredUsers.xml 
[2024-11-26 00:47:40] [ARC-XML] INFO : Object saved to XML at: ./ServerData/registeredUsers.xml
[2024-11-26 00:47:40] [ARC-MERGE] INFO :  Merged Avatar data successfully 
[2024-11-26 00:47:40] [ARC-XML] INFO :  Merged object into existing data for file: ./ServerData/Users/test1-async.xml 
[2024-11-26 00:47:40] [ARC-XML] INFO : Object saved to XML at: ./ServerData/Users/test1-async.xml
[2024-11-26 00:47:40] [ARC-USER] INFO : Default asynchronous and synchronous users were created and saved.
[2024-11-26 00:47:40] [ARC-SOCKET] INFO : Server started successfully...
